{"/home/aslan/web/frontend-project-lvl2/src/index.js": {"path":"/home/aslan/web/frontend-project-lvl2/src/index.js","all":false,"statementMap":{"0":{"start":{"line":1,"column":0},"end":{"line":1,"column":23}},"1":{"start":{"line":2,"column":0},"end":{"line":2,"column":34}},"2":{"start":{"line":3,"column":0},"end":{"line":3,"column":31}},"3":{"start":{"line":4,"column":0},"end":{"line":4,"column":0}},"4":{"start":{"line":5,"column":0},"end":{"line":5,"column":43}},"5":{"start":{"line":6,"column":0},"end":{"line":6,"column":55}},"6":{"start":{"line":7,"column":0},"end":{"line":7,"column":55}},"7":{"start":{"line":8,"column":0},"end":{"line":8,"column":46}},"8":{"start":{"line":9,"column":0},"end":{"line":9,"column":36}},"9":{"start":{"line":10,"column":0},"end":{"line":10,"column":41}},"10":{"start":{"line":11,"column":0},"end":{"line":11,"column":29}},"11":{"start":{"line":12,"column":0},"end":{"line":12,"column":43}},"12":{"start":{"line":13,"column":0},"end":{"line":13,"column":5}},"13":{"start":{"line":14,"column":0},"end":{"line":14,"column":0}},"14":{"start":{"line":15,"column":0},"end":{"line":15,"column":78}},"15":{"start":{"line":16,"column":0},"end":{"line":16,"column":70}},"16":{"start":{"line":17,"column":0},"end":{"line":17,"column":5}},"17":{"start":{"line":18,"column":0},"end":{"line":18,"column":0}},"18":{"start":{"line":19,"column":0},"end":{"line":19,"column":58}},"19":{"start":{"line":20,"column":0},"end":{"line":20,"column":43}},"20":{"start":{"line":21,"column":0},"end":{"line":21,"column":5}},"21":{"start":{"line":22,"column":0},"end":{"line":22,"column":0}},"22":{"start":{"line":23,"column":0},"end":{"line":23,"column":49}},"23":{"start":{"line":24,"column":0},"end":{"line":24,"column":43}},"24":{"start":{"line":25,"column":0},"end":{"line":25,"column":5}},"25":{"start":{"line":26,"column":0},"end":{"line":26,"column":0}},"26":{"start":{"line":27,"column":0},"end":{"line":27,"column":15}},"27":{"start":{"line":28,"column":0},"end":{"line":28,"column":5}},"28":{"start":{"line":29,"column":0},"end":{"line":29,"column":10}},"29":{"start":{"line":30,"column":0},"end":{"line":30,"column":8}},"30":{"start":{"line":31,"column":0},"end":{"line":31,"column":13}},"31":{"start":{"line":32,"column":0},"end":{"line":32,"column":8}},"32":{"start":{"line":33,"column":0},"end":{"line":33,"column":15}},"33":{"start":{"line":34,"column":0},"end":{"line":34,"column":2}},"34":{"start":{"line":35,"column":0},"end":{"line":35,"column":0}},"35":{"start":{"line":36,"column":0},"end":{"line":36,"column":23}}},"s":{"0":1,"1":1,"2":1,"3":1,"4":1,"5":1,"6":1,"7":1,"8":1,"9":1,"10":5,"11":1,"12":1,"13":4,"14":5,"15":1,"16":1,"17":3,"18":5,"19":2,"20":2,"21":1,"22":5,"23":1,"24":1,"25":0,"26":0,"27":0,"28":1,"29":1,"30":1,"31":1,"32":1,"33":1,"34":1,"35":1},"branchMap":{"0":{"type":"branch","line":5,"loc":{"start":{"line":5,"column":16},"end":{"line":34,"column":2}},"locations":[{"start":{"line":5,"column":16},"end":{"line":34,"column":2}}]},"1":{"type":"branch","line":10,"loc":{"start":{"line":10,"column":31},"end":{"line":28,"column":5}},"locations":[{"start":{"line":10,"column":31},"end":{"line":28,"column":5}}]},"2":{"type":"branch","line":11,"loc":{"start":{"line":11,"column":28},"end":{"line":13,"column":5}},"locations":[{"start":{"line":11,"column":28},"end":{"line":13,"column":5}}]},"3":{"type":"branch","line":14,"loc":{"start":{"line":14,"column":-1},"end":{"line":15,"column":13}},"locations":[{"start":{"line":14,"column":-1},"end":{"line":15,"column":13}}]},"4":{"type":"branch","line":15,"loc":{"start":{"line":15,"column":8},"end":{"line":15,"column":38}},"locations":[{"start":{"line":15,"column":8},"end":{"line":15,"column":38}}]},"5":{"type":"branch","line":15,"loc":{"start":{"line":15,"column":8},"end":{"line":15,"column":59}},"locations":[{"start":{"line":15,"column":8},"end":{"line":15,"column":59}}]},"6":{"type":"branch","line":15,"loc":{"start":{"line":15,"column":77},"end":{"line":17,"column":5}},"locations":[{"start":{"line":15,"column":77},"end":{"line":17,"column":5}}]},"7":{"type":"branch","line":18,"loc":{"start":{"line":18,"column":-1},"end":{"line":19,"column":13}},"locations":[{"start":{"line":18,"column":-1},"end":{"line":19,"column":13}}]},"8":{"type":"branch","line":19,"loc":{"start":{"line":19,"column":8},"end":{"line":19,"column":39}},"locations":[{"start":{"line":19,"column":8},"end":{"line":19,"column":39}}]},"9":{"type":"branch","line":19,"loc":{"start":{"line":19,"column":57},"end":{"line":21,"column":5}},"locations":[{"start":{"line":19,"column":57},"end":{"line":21,"column":5}}]},"10":{"type":"branch","line":22,"loc":{"start":{"line":22,"column":-1},"end":{"line":23,"column":30}},"locations":[{"start":{"line":22,"column":-1},"end":{"line":23,"column":30}}]},"11":{"type":"branch","line":23,"loc":{"start":{"line":23,"column":48},"end":{"line":25,"column":5}},"locations":[{"start":{"line":23,"column":48},"end":{"line":25,"column":5}}]},"12":{"type":"branch","line":26,"loc":{"start":{"line":26,"column":-1},"end":{"line":28,"column":5}},"locations":[{"start":{"line":26,"column":-1},"end":{"line":28,"column":5}}]}},"b":{"0":[1],"1":[5],"2":[1],"3":[4],"4":[3],"5":[3],"6":[1],"7":[3],"8":[2],"9":[2],"10":[1],"11":[1],"12":[0]},"fnMap":{"0":{"name":"genDiff","decl":{"start":{"line":5,"column":16},"end":{"line":34,"column":2}},"loc":{"start":{"line":5,"column":16},"end":{"line":34,"column":2}},"line":5}},"f":{"0":1}}
,"/home/aslan/web/frontend-project-lvl2/src/parser.js": {"path":"/home/aslan/web/frontend-project-lvl2/src/parser.js","all":false,"statementMap":{"0":{"start":{"line":1,"column":0},"end":{"line":1,"column":40}},"1":{"start":{"line":2,"column":0},"end":{"line":2,"column":0}},"2":{"start":{"line":3,"column":0},"end":{"line":3,"column":20}}},"s":{"0":1,"1":1,"2":1},"branchMap":{"0":{"type":"branch","line":1,"loc":{"start":{"line":1,"column":13},"end":{"line":1,"column":6}},"locations":[{"start":{"line":1,"column":13},"end":{"line":1,"column":6}}]}},"b":{"0":[2]},"fnMap":{"0":{"name":"json","decl":{"start":{"line":1,"column":13},"end":{"line":1,"column":6}},"loc":{"start":{"line":1,"column":13},"end":{"line":1,"column":6}},"line":1}},"f":{"0":2}}
}
