TN:
SF:src/index.js
FN:5,genDiff
FNF:1
FNH:1
FNDA:1,genDiff
DA:1,1
DA:2,1
DA:3,1
DA:4,1
DA:5,1
DA:6,1
DA:7,1
DA:8,1
DA:9,1
DA:10,1
DA:11,5
DA:12,1
DA:13,1
DA:14,4
DA:15,5
DA:16,1
DA:17,1
DA:18,3
DA:19,5
DA:20,2
DA:21,2
DA:22,1
DA:23,5
DA:24,1
DA:25,1
DA:26,0
DA:27,0
DA:28,0
DA:29,1
DA:30,1
DA:31,1
DA:32,1
DA:33,1
DA:34,1
DA:35,1
DA:36,1
LF:36
LH:33
BRDA:5,0,0,1
BRDA:10,1,0,5
BRDA:11,2,0,1
BRDA:14,3,0,4
BRDA:15,4,0,3
BRDA:15,5,0,3
BRDA:15,6,0,1
BRDA:18,7,0,3
BRDA:19,8,0,2
BRDA:19,9,0,2
BRDA:22,10,0,1
BRDA:23,11,0,1
BRDA:26,12,0,0
BRF:13
BRH:12
end_of_record
TN:
SF:src/parser.js
FN:1,json
FNF:1
FNH:1
FNDA:2,json
DA:1,1
DA:2,1
DA:3,1
LF:3
LH:3
BRDA:1,0,0,2
BRF:1
BRH:1
end_of_record
